66
SlidesNextv2
JenZ PhilippH
StreamXv9
LarryO
ShoppingProv8
FionaN PhilippI
ResearchXv8
SundarP ClementM BenjaminO JenK ClementE
SitesSv1
SergeyU ClementL
GameProv3
PhilippY
ConnectLitev9
SundarA
StreetViewXv1
TatiyanaC MatasC FionaF
DaydreamLitev7
BakhodirW
MarsXv1
HiroshiF ClementT MichalB MatasH
WebserverProv6
PhilippP
MapsProv8
HiroshiW SergeyT BakhodirD
BuildMaxv1
MichalB RuthX NellyY BakhodirG SergeyV
FuchsiaXv6
SundarL SundarA
GameLitev8
PhilippP PhilippK MatasW SergeyN
DocsNextv2
SundarP JenK ClementL
ShortsNextv7
FionaF PhilippY PrabhakarR
ClassroomMaxv2
TatiyanaC SusanQ
ReleaseUltrav1
ClementT BakhodirD
AndroidAutoZv2
PhilippH MatasC PhilippI LarryX SergeyU
FeedBurnerMaxv3
TatiyanaC LarryO
DuoZv2
PhilippY SundarP FionaF
SmartLitev9
JenZ ThomasK PhilippP
StreamXv6
BenjaminO JenK SergeyN ClementM FionaJ
CastOSProv6
BakhodirD
ChromeOSUltrav5
HiroshiB PhilippH SergeyU HiroshiW PhilippK ClementL
GameProv6
LarryO SusanQ StefanQ
WearOSLitev5
NellyY BakhodirD TatiyanaC MatasC PhilippI
GlassOSSv3
MatasW JenZ
FeedBurnerMaxv1
MichalB ThomasK ClementL HiroshiF
SmartSv2
FionaF BakhodirW PhilippK BenjaminT FionaN
ChromeOSLitev3
PhilippP HiroshiW PhilippY
ExploreUltrav8
BakhodirD ClementM SundarL PrabhakarR ClementT SusanQ ClementE
AssistantUltrav2
MatasC SergeyU StefanQ MichalP BenjaminO PhilippP
FuchsiaLitev6
PhilippY BenjaminT ThomasK FionaJ BakhodirW PhilippI SergeyV
AndroidTVMaxv5
HiroshiF SundarP PhilippK
MarsLitev5
BakhodirD TatiyanaC
StreetViewNextv3
SusanQ PhilippH JenZ
BloggerNextv8
PhilippP ClementE MatasW SundarL
CollectionsZv7
HiroshiW SergeyV BakhodirD PhilippI SundarA SergeyN ClementT
DuoZv4
ThomasK SundarP LarryX FionaJ PhilippK RuthX ThomasM
StadiaZv1
TatiyanaC ClementM BenjaminT PhilippP
ChromeNextv7
JenG BakhodirD PhilippY
StreetViewProv9
SundarA MatasC ClementE MatasW HiroshiB PhilippK NellyY LarryO
MapsUltrav3
TatiyanaC HiroshiW PhilippP
MapsSv7
SundarA PhilippK FionaF LarryO ClementM ThomasK MatasW LarryX ClementE BakhodirD
KeepXv5
PhilippP HiroshiF MichalP
VoiceProv8
MatasW ClementE MatasC ClementM TatiyanaC
GlassOSLitev9
ClementT PetarF SundarA PhilippK PrabhakarR PhilippH
MoonMaxv4
MichalP HiroshiW FionaF SundarA BenjaminO ThomasM StefanQ ThomasK HiroshiF BakhodirD
MarsUltrav8
PhilippI SergeyU SusanQ PhilippP SergeyT BenjaminT RuthX BakhodirG MatasW
SearchNextv1
SergeyV ThomasM MichalB SundarP ThomasK
DuoMaxv1
FionaJ NellyY PhilippI PhilippP ClementL
CultureProv7
MatasW TatiyanaC PhilippY SergeyU ClementT ThomasM BenjaminO ClementE
AndroidTVNextv1
MatasC NellyX SergeyV LarryO PhilippP ThomasM SergeyU SundarL
SantaTrackerXv4
HiroshiW ThomasM ClementE PetarF ClementL ClementT SergeyU PhilippH SusanQ MichalP
ChatSv4
TatiyanaC BakhodirG PhilippP JenZ
StreetViewUltrav4
HiroshiW SergeyU JenZ
DataZv2
SusanQ ThomasM ClementM FionaF StefanQ PhilippH SergeyN SergeyT
WebserverProv4
HiroshiF NellyX PhilippP PhilippI PhilippH ClementE SergeyU MatasW PhilippY
CastOSNextv8
LarryO LarryX ClementM BakhodirG ThomasM BenjaminO NellyY TatiyanaC
SkyLitev6
TatiyanaC ThomasM PhilippI
PhoneUltrav1
BenjaminO LarryO ThomasM BakhodirW StefanQ
SitesUltrav5
SergeyU PhilippI MatasW TatiyanaC LarryX SergeyT PhilippY SundarP
WearOSProv2
FionaN NellyY SergeyV PhilippY ClementT ThomasM MatasW PhilippH StefanQ
DreamSv2
SusanQ PhilippP SergeyN LarryO PhilippI MatasW
