95
ClassroomSv2
RuthX
MarsUltrav4
SergeyA TatiyanaT SusanC LarryG StepanL PhilippY BakhodirB MichalF PhilippE PetarG BenjaminY RuthP PrabhakarV MichalQ PetarA NellyO BakhodirJ
ReleaseLitev7
FionaV MaxO RuthT SergeyW
MoonUltrav4
LarryN
DaydreamMaxv4
ThomasQ
SantaTrackerProv9
PrzemekV
ChartsMaxv5
FionaT NellyA SusanK MichalY FionaJ
ScholarXv6
TatiyanaR RuthB BakhodirG SundarA StefanK SundarD PrabhakarC RuthF TatiyanaP BakhodirR MatasK JenL
FormsUltrav3
TatiyanaA PetarD MatasF ThomasL HiroshiI PetarN PrabhakarU StepanO
CollectionsUltrav9
HiroshiZ BenjaminO
TravelUltrav3
JenE PetarR
PatentsMaxv2
HiroshiH NellyU MaxV LarryC MatasR MatasZ BenjaminK PrzemekT RuthJ BenjaminX
FuchsiaProv7
BenjaminJ BakhodirQ SusanV
KeepNextv4
PrabhakarN
CurrentsXv1
StepanV
FinanceMaxv7
MaxY StepanU ThomasT SusanT HiroshiL
SkyZv5
SundarM
KeepXv1
PrabhakarA
ConnectXv3
StefanG
CastOSSv6
SusanH HiroshiT ThomasW
CurrentsProv2
StepanJ
CodeZv4
BenjaminR RuthY
TravelProv6
PhilippJ
NewsXv5
PrzemekH SundarV
PixelProv1
NellyX
AssistantMaxv9
MichalA
LearnProv8
JenI
GroupsZv8
PetarI MichalV BakhodirL ThomasE StefanD
MapsNextv5
SusanS FionaZ
SheetsZv4
FionaS SergeyR
StreetViewXv2
PrzemekF RuthW HiroshiS
BuildProv1
PrabhakarI
ClassroomXv9
StepanK TatiyanaL
SearchUltrav8
MichalS SergeyG PhilippI
CurrentsProv7
BenjaminP
CalendarLitev5
PrabhakarB StepanH BenjaminS NellyK
LoggingXv4
MaxK SergeyJ BakhodirF
FinanceXv5
ClementV
AndroidAutoZv1
PetarV SundarJ
StreetViewXv9
PrzemekQ NellyI ThomasU StefanX MaxH
FeedBurnerLitev8
PrabhakarE StefanN BenjaminL
MoonXv3
PetarM SergeyY
VoiceZv6
HiroshiQ SundarJ
BloggerProv9
BenjaminK
PixelSv6
SundarM PrzemekF MaxJ
ScholarSv9
StefanU LarryV StefanF PrzemekU PhilippA SergeyJ ClementU StefanO SergeyR ThomasN BakhodirM
SkyLitev8
BenjaminD RuthO SusanI BenjaminB StefanH BakhodirS JenJ StefanC JenU FionaA BakhodirC PhilippT LarryF PetarV LarryJ PrzemekG TatiyanaT MatasK ThomasZ HiroshiD SusanT PrzemekC TatiyanaH
AndroidTVLitev7
MatasH StefanA RuthW NellyM MichalD TatiyanaZ JenE LarryL StefanL
DataSv9
SundarX PrzemekI PrabhakarA BakhodirD MichalI MaxA TatiyanaX FionaB JenP HiroshiC
NewsMaxv1
PetarG
StreetViewMaxv8
PetarA
ScholarZv1
LarryU PrzemekP SusanR MichalQ
SkyProv4
ThomasQ MichalZ
CollectionsProv5
PetarZ HiroshiT SundarD
ArtsNextv5
FionaT TatiyanaG ClementJ TatiyanaC FionaA RuthO TatiyanaB HiroshiQ StepanD StefanG
FeedBurnerProv6
BakhodirD NellyI RuthY MaxR BenjaminI
WebserverProv7
NellyX MatasK
ChatLitev6
PrabhakarB StepanK NellyV FionaR PhilippS ThomasO ClementI ThomasE PetarJ MaxM NellyD StefanH
ChromeLitev4
LarryU PrabhakarA MichalY
BloggerProv2
SundarM FionaV ThomasD
DatasetSearchLitev6
SundarI SusanG MaxA PrzemekP BenjaminJ PhilippK PetarN HiroshiM StefanD
DatasetSearchXv2
PetarE HiroshiX StefanA SusanD StefanK MaxZ
DocsUltrav2
PrabhakarM BakhodirB NellyM ClementA NellyW HiroshiK RuthL TatiyanaY
TravelZv6
LarryE ThomasL NellyI PrzemekF LarryI PetarA
StorageSv6
StefanM TatiyanaI PrzemekI BakhodirO PhilippQ PrabhakarX SergeyK LarryW RuthB JenM HiroshiW MichalO MaxK FionaH PetarI StefanA MichalW ClementG SundarM PetarO JenE
StadiaProv5
RuthI MaxA FionaA
DuoMaxv1
LarryD MatasY BenjaminL MaxF ThomasB PrabhakarN BenjaminG PetarJ NellyD TatiyanaT
ReleaseXv3
StepanD NellyC
DataNextv9
LarryM TatiyanaI BenjaminY SergeyQ StepanK MatasQ MaxK FionaZ SergeyR SusanN ThomasW PetarV ThomasI MichalB NellyB ClementO JenY PrzemekH PhilippC HiroshiD PrabhakarD TatiyanaW JenF JenE LarryL
DreamNextv6
SergeyP StefanA PhilippN PrzemekP NellyO
ConnectLitev9
SundarM
SlidesProv5
LarryZ SergeyQ
DrawingsMaxv4
NellyU HiroshiU PrabhakarA PrzemekY SundarO MaxH SusanU FionaQ PhilippM TatiyanaZ PhilippT StefanA ThomasK NellyH MaxA JenY RuthQ HiroshiJ PrzemekP JenE BenjaminH
StorageNextv9
StepanW SergeyY PetarV BenjaminT StepanK MaxI PrzemekL BenjaminY BenjaminQ PhilippK PetarU
DocsXv8
SundarX SusanY PrzemekW NellyG MichalM PrabhakarV PrabhakarF PrabhakarJ SusanC ThomasT SergeyL NellyD HiroshiZ FionaR PrzemekF PrzemekT JenQ RuthS TatiyanaJ ThomasV SergeyJ SusanK PetarN TatiyanaH
PixelXv7
FionaB PrabhakarU NellyD TatiyanaJ
SearchLitev9
SergeyA MaxD NellyM StepanX JenJ MatasQ NellyC HiroshiW SundarH TatiyanaZ ClementQ SergeyP PetarR StefanA PrabhakarC SergeyW BenjaminE SusanO PrabhakarL BenjaminP BakhodirB HiroshiD NellyB LarryR
BuildUltrav6
BakhodirG FionaI PhilippK MaxU
YouTubeUltrav3
FionaE StefanK NellyM NellyI RuthO TatiyanaJ
FeedBurnerUltrav9
StepanF HiroshiG SusanO FionaA PetarA PrzemekH BakhodirJ
LearnUltrav4
FionaT StefanA MaxS BenjaminF PrabhakarW StefanK HiroshiI PhilippL BenjaminS HiroshiV JenF PhilippY PetarA
ShoppingUltrav9
FionaV MatasC RuthO TatiyanaJ
ChartsSv3
FionaT TatiyanaA TatiyanaK PetarI PrzemekQ PetarH RuthB ThomasL HiroshiG PhilippF PrzemekT PhilippY NellyD RuthG
MarsMaxv4
PetarA RuthJ SusanO StefanH
DataMaxv3
SergeyF ThomasB ClementJ RuthP FionaA RuthO PrabhakarZ PrzemekH SergeyQ
SitesSv2
RuthB
PhotoUltrav3
TatiyanaK PetarI
CultureUltrav4
SergeyF
ReleaseSv1
MaxY HiroshiE RuthB SergeyV PetarX PhilippA MaxJ StepanC PrzemekF StefanV SusanO StefanZ HiroshiQ StefanG
SearchLitev7
PhilippU MichalR StepanK StepanC StefanV PhilippL HiroshiN
BooksLitev3
PrzemekB HiroshiN
SlidesSv9
StepanC SergeyT HiroshiO
ArtsProv8
SergeyA MatasH MaxR SusanU PrabhakarJ MichalU PhilippM PhilippE NellyY BenjaminV BakhodirL PetarW MaxA RuthJ BenjaminO LarryD TatiyanaM PrabhakarT StefanV StepanM TatiyanaH
YouTubeUltrav7
NellyR HiroshiN
SheetsMaxv8
StefanV
